<?xml version="1.0" encoding="UTF-8"?>
<testsuite xmlns:xsi="http://www.w3.org/2001/XMLSchema-instance" xsi:noNamespaceSchemaLocation="https://maven.apache.org/surefire/maven-surefire-plugin/xsd/surefire-test-report-3.0.xsd" version="3.0" name="app.controllerTeste.ClienteControllerTest" time="17.072" tests="7" errors="0" skipped="0" failures="0">
  <properties>
[...]
</properties>
  <testcase name="testFindAll" classname="app.controllerTeste.ClienteControllerTest" time="0.172">
    <system-out><![CDATA[12:36:56.141 [main] INFO org.springframework.test.context.support.AnnotationConfigContextLoaderUtils -- Could not detect default configuration classes for test class [app.controllerTeste.ClienteControllerTest]: ClienteControllerTest does not declare any static, non-private, non-final, nested classes annotated with @Configuration.
12:36:56.486 [main] INFO org.springframework.boot.test.context.SpringBootTestContextBootstrapper -- Found @SpringBootConfiguration app.App for test class app.controllerTeste.ClienteControllerTest

  .   ____          _            __ _ _
 /\\ / ___'_ __ _ _(_)_ __  __ _ \ \ \ \
( ( )\___ | '_ | '_| | '_ \/ _` | \ \ \ \
 \\/  ___)| |_)| | | | | || (_| |  ) ) ) )
  '  |____| .__|_| |_|_| |_\__, | / / / /
 =========|_|==============|___/=/_/_/_/
 :: Spring Boot ::                (v3.2.4)

2024-04-17T12:36:57.852-03:00  INFO 18924 --- [           main] a.controllerTeste.ClienteControllerTest  : Starting ClienteControllerTest using Java 21.0.2 with PID 18924 (started by ivovi in C:\Users\ivovi\Downloads\barbearia-main\barbearia-main)
2024-04-17T12:36:57.852-03:00  INFO 18924 --- [           main] a.controllerTeste.ClienteControllerTest  : No active profile set, falling back to 1 default profile: "default"
2024-04-17T12:37:00.249-03:00  INFO 18924 --- [           main] .s.d.r.c.RepositoryConfigurationDelegate : Bootstrapping Spring Data JPA repositories in DEFAULT mode.
2024-04-17T12:37:00.485-03:00  INFO 18924 --- [           main] .s.d.r.c.RepositoryConfigurationDelegate : Finished Spring Data repository scanning in 198 ms. Found 2 JPA repository interfaces.
2024-04-17T12:37:04.818-03:00  INFO 18924 --- [           main] o.hibernate.jpa.internal.util.LogHelper  : HHH000204: Processing PersistenceUnitInfo [name: default]
2024-04-17T12:37:05.111-03:00  INFO 18924 --- [           main] org.hibernate.Version                    : HHH000412: Hibernate ORM core version 6.4.4.Final
2024-04-17T12:37:05.263-03:00  INFO 18924 --- [           main] o.h.c.internal.RegionFactoryInitiator    : HHH000026: Second-level cache disabled
2024-04-17T12:37:05.739-03:00  INFO 18924 --- [           main] o.s.o.j.p.SpringPersistenceUnitInfo      : No LoadTimeWeaver setup: ignoring JPA class transformer
2024-04-17T12:37:05.853-03:00  INFO 18924 --- [           main] com.zaxxer.hikari.HikariDataSource       : HikariPool-1 - Starting...
2024-04-17T12:37:07.147-03:00  INFO 18924 --- [           main] com.zaxxer.hikari.pool.HikariPool        : HikariPool-1 - Added connection com.mysql.cj.jdbc.ConnectionImpl@60cd2b02
2024-04-17T12:37:07.153-03:00  INFO 18924 --- [           main] com.zaxxer.hikari.HikariDataSource       : HikariPool-1 - Start completed.
2024-04-17T12:37:09.976-03:00  INFO 18924 --- [           main] o.h.e.t.j.p.i.JtaPlatformInitiator       : HHH000489: No JTA platform available (set 'hibernate.transaction.jta.platform' to enable JTA platform integration)
2024-04-17T12:37:10.135-03:00  INFO 18924 --- [           main] j.LocalContainerEntityManagerFactoryBean : Initialized JPA EntityManagerFactory for persistence unit 'default'
2024-04-17T12:37:11.215-03:00  WARN 18924 --- [           main] JpaBaseConfiguration$JpaWebConfiguration : spring.jpa.open-in-view is enabled by default. Therefore, database queries may be performed during view rendering. Explicitly configure spring.jpa.open-in-view to disable this warning
2024-04-17T12:37:12.125-03:00  INFO 18924 --- [           main] a.controllerTeste.ClienteControllerTest  : Started ClienteControllerTest in 15.203 seconds (process running for 18.742)
]]></system-out>
    <system-err><![CDATA[WARNING: A Java agent has been loaded dynamically (C:\Users\ivovi\.m2\repository\net\bytebuddy\byte-buddy-agent\1.14.12\byte-buddy-agent-1.14.12.jar)
WARNING: If a serviceability tool is in use, please run with -XX:+EnableDynamicAgentLoading to hide this warning
WARNING: If a serviceability tool is not in use, please run with -Djdk.instrument.traceUsage for more information
WARNING: Dynamic loading of agents will be disallowed by default in a future release
]]></system-err>
  </testcase>
  <testcase name="testsave" classname="app.controllerTeste.ClienteControllerTest" time="0.018"/>
  <testcase name="testFindByNmCliente" classname="app.controllerTeste.ClienteControllerTest" time="0.008"/>
  <testcase name="testFindByLowerPreco" classname="app.controllerTeste.ClienteControllerTest" time="0.008"/>
  <testcase name="testFindById" classname="app.controllerTeste.ClienteControllerTest" time="0.006"/>
  <testcase name="testDelete" classname="app.controllerTeste.ClienteControllerTest" time="0.008"/>
  <testcase name="testUpdate" classname="app.controllerTeste.ClienteControllerTest" time="0.011"/>
</testsuite>